AITubeSEO_Fixed/app/build/intermediates/manifest_merge_blame_file/debug/manifest-merger-blame-debug-report.txt
1<?xml version="1.0" encoding="utf-8"?>
2<manifest xmlns:android="http://schemas.android.com/apk/res/android"
3    package="com.aitube.seogenerator"
4    android:versionCode="1"
5    android:versionName="1.0" >
6
7    <uses-sdk
8        android:minSdkVersion="24"
9        android:targetSdkVersion="34" />
10
11    <uses-permission android:name="android.permission.INTERNET" />
11-->src/main/AndroidManifest.xml:4:5-67
11-->src/main/AndroidManifest.xml:4:22-64
12    <uses-permission android:name="android.permission.ACCESS_NETWORK_STATE" />
12-->src/main/AndroidManifest.xml:5:5-79
12-->src/main/AndroidManifest.xml:5:22-76
13    <uses-permission android:name="com.google.android.gms.permission.AD_ID" />
13-->[com.google.android.gms:play-services-ads-lite:23.0.0] AndroidManifest.xml:26:5-79
13-->[com.google.android.gms:play-services-ads-lite:23.0.0] AndroidManifest.xml:26:22-76
14    <uses-permission android:name="android.permission.ACCESS_ADSERVICES_AD_ID" />
14-->[com.google.android.gms:play-services-ads-lite:23.0.0] AndroidManifest.xml:27:5-82
14-->[com.google.android.gms:play-services-ads-lite:23.0.0] AndroidManifest.xml:27:22-79
15    <uses-permission android:name="android.permission.ACCESS_ADSERVICES_ATTRIBUTION" />
15-->[com.google.android.gms:play-services-ads-lite:23.0.0] AndroidManifest.xml:28:5-88
15-->[com.google.android.gms:play-services-ads-lite:23.0.0] AndroidManifest.xml:28:22-85
16    <uses-permission android:name="android.permission.ACCESS_ADSERVICES_TOPICS" /> <!-- Android package visibility setting -->
16-->[com.google.android.gms:play-services-ads-lite:23.0.0] AndroidManifest.xml:29:5-83
16-->[com.google.android.gms:play-services-ads-lite:23.0.0] AndroidManifest.xml:29:22-80
17    <queries>
17-->[com.google.android.gms:play-services-ads-lite:23.0.0] AndroidManifest.xml:35:5-51:15
18
19        <!-- For browser content -->
20        <intent>
20-->[com.google.android.gms:play-services-ads-lite:23.0.0] AndroidManifest.xml:38:9-44:18
21            <action android:name="android.intent.action.VIEW" />
21-->[com.google.android.gms:play-services-ads-lite:23.0.0] AndroidManifest.xml:39:13-65
21-->[com.google.android.gms:play-services-ads-lite:23.0.0] AndroidManifest.xml:39:21-62
22
23            <category android:name="android.intent.category.BROWSABLE" />
23-->[com.google.android.gms:play-services-ads-lite:23.0.0] AndroidManifest.xml:41:13-74
23-->[com.google.android.gms:play-services-ads-lite:23.0.0] AndroidManifest.xml:41:23-71
24
25            <data android:scheme="https" />
25-->[com.google.android.gms:play-services-ads-lite:23.0.0] AndroidManifest.xml:43:13-44
25-->[com.google.android.gms:play-services-ads-lite:23.0.0] AndroidManifest.xml:43:19-41
26        </intent>
27        <!-- End of browser content -->
28        <!-- For CustomTabsService -->
29        <intent>
29-->[com.google.android.gms:play-services-ads-lite:23.0.0] AndroidManifest.xml:47:9-49:18
30            <action android:name="android.support.customtabs.action.CustomTabsService" />
30-->[com.google.android.gms:play-services-ads-lite:23.0.0] AndroidManifest.xml:48:13-90
30-->[com.google.android.gms:play-services-ads-lite:23.0.0] AndroidManifest.xml:48:21-87
31        </intent>
32        <!-- End of CustomTabsService -->
33    </queries>
34
35    <uses-permission android:name="android.permission.WAKE_LOCK" />
35-->[com.google.android.gms:play-services-measurement-sdk-api:20.1.2] AndroidManifest.xml:25:5-68
35-->[com.google.android.gms:play-services-measurement-sdk-api:20.1.2] AndroidManifest.xml:25:22-65
36    <uses-permission android:name="android.permission.FOREGROUND_SERVICE" />
36-->[androidx.work:work-runtime:2.7.0] AndroidManifest.xml:28:5-77
36-->[androidx.work:work-runtime:2.7.0] AndroidManifest.xml:28:22-74
37
38    <permission
38-->[androidx.core:core:1.12.0] AndroidManifest.xml:22:5-24:47
39        android:name="com.aitube.seogenerator.DYNAMIC_RECEIVER_NOT_EXPORTED_PERMISSION"
39-->[androidx.core:core:1.12.0] AndroidManifest.xml:23:9-81
40        android:protectionLevel="signature" />
40-->[androidx.core:core:1.12.0] AndroidManifest.xml:24:9-44
41
42    <uses-permission android:name="com.aitube.seogenerator.DYNAMIC_RECEIVER_NOT_EXPORTED_PERMISSION" />
42-->[androidx.core:core:1.12.0] AndroidManifest.xml:26:5-97
42-->[androidx.core:core:1.12.0] AndroidManifest.xml:26:22-94
43
44    <application
44-->src/main/AndroidManifest.xml:7:5-68:19
45        android:allowBackup="true"
45-->src/main/AndroidManifest.xml:8:9-35
46        android:appComponentFactory="androidx.core.app.CoreComponentFactory"
46-->[androidx.core:core:1.12.0] AndroidManifest.xml:28:18-86
47        android:debuggable="true"
48        android:extractNativeLibs="false"
49        android:hardwareAccelerated="true"
49-->src/main/AndroidManifest.xml:15:9-43
50        android:icon="@mipmap/ic_launcher"
50-->src/main/AndroidManifest.xml:9:9-43
51        android:label="@string/app_name"
51-->src/main/AndroidManifest.xml:10:9-41
52        android:networkSecurityConfig="@xml/network_security_config"
52-->src/main/AndroidManifest.xml:14:9-69
53        android:roundIcon="@mipmap/ic_launcher_round"
53-->src/main/AndroidManifest.xml:11:9-54
54        android:supportsRtl="true"
54-->src/main/AndroidManifest.xml:12:9-35
55        android:theme="@style/Theme.AITubeSEO" >
55-->src/main/AndroidManifest.xml:13:9-47
56
57        <!--
58        ════════════════════════════════════════════════════════
59        ⚠️  ADMOB APP ID — REPLACE WITH YOUR REAL APP ID
60        ════════════════════════════════════════════════════════
61        Format: ca-app-pub-XXXXXXXXXXXXXXXX~XXXXXXXXXX
62        Test ID (for development): ca-app-pub-3940256099942544~3347511713
63
64        IMPORTANT: Using a wrong App ID here WILL crash the app.
65        Get your real App ID from: https://apps.admob.com
66        ════════════════════════════════════════════════════════
67        -->
68        <meta-data
68-->src/main/AndroidManifest.xml:28:9-30:52
69            android:name="com.google.android.gms.ads.APPLICATION_ID"
69-->src/main/AndroidManifest.xml:29:13-69
70            android:value="@string/admob_app_id" />
70-->src/main/AndroidManifest.xml:30:13-49
71
72        <!-- Delay AdMob auto-init to prevent startup crash -->
73        <meta-data
73-->src/main/AndroidManifest.xml:33:9-35:36
74            android:name="com.google.android.gms.ads.DELAY_APP_MEASUREMENT_INIT"
74-->src/main/AndroidManifest.xml:34:13-81
75            android:value="true" />
75-->src/main/AndroidManifest.xml:35:13-33
76
77        <activity
77-->src/main/AndroidManifest.xml:37:9-45:20
78            android:name="com.aitube.seogenerator.activities.SplashActivity"
78-->src/main/AndroidManifest.xml:38:13-54
79            android:exported="true"
79-->src/main/AndroidManifest.xml:39:13-36
80            android:theme="@style/Theme.AITubeSEO.NoActionBar" >
80-->src/main/AndroidManifest.xml:40:13-63
81            <intent-filter>
81-->src/main/AndroidManifest.xml:41:13-44:29
82                <action android:name="android.intent.action.MAIN" />
82-->src/main/AndroidManifest.xml:42:17-69
82-->src/main/AndroidManifest.xml:42:25-66
83
84                <category android:name="android.intent.category.LAUNCHER" />
84-->src/main/AndroidManifest.xml:43:17-77
84-->src/main/AndroidManifest.xml:43:27-74
85            </intent-filter>
86        </activity>
87        <activity
87-->src/main/AndroidManifest.xml:47:9-50:58
88            android:name="com.aitube.seogenerator.activities.MainActivity"
88-->src/main/AndroidManifest.xml:48:13-52
89            android:exported="false"
89-->src/main/AndroidManifest.xml:49:13-37
90            android:windowSoftInputMode="adjustResize" />
90-->src/main/AndroidManifest.xml:50:13-55
91        <activity
91-->src/main/AndroidManifest.xml:52:9-54:40
92            android:name="com.aitube.seogenerator.activities.SeoResultActivity"
92-->src/main/AndroidManifest.xml:53:13-57
93            android:exported="false" />
93-->src/main/AndroidManifest.xml:54:13-37
94        <activity
94-->src/main/AndroidManifest.xml:56:9-58:40
95            android:name="com.aitube.seogenerator.activities.ShortsResultActivity"
95-->src/main/AndroidManifest.xml:57:13-60
96            android:exported="false" />
96-->src/main/AndroidManifest.xml:58:13-37
97        <activity
97-->src/main/AndroidManifest.xml:60:9-62:40
98            android:name="com.aitube.seogenerator.activities.HistoryActivity"
98-->src/main/AndroidManifest.xml:61:13-55
99            android:exported="false" />
99-->src/main/AndroidManifest.xml:62:13-37
100        <activity
100-->src/main/AndroidManifest.xml:64:9-66:40
101            android:name="com.aitube.seogenerator.activities.PrivacyPolicyActivity"
101-->src/main/AndroidManifest.xml:65:13-61
102            android:exported="false" />
102-->src/main/AndroidManifest.xml:66:13-37
103
104        <!-- Include the AdActivity and InAppPurchaseActivity configChanges and themes. -->
105        <activity
105-->[com.google.android.gms:play-services-ads-lite:23.0.0] AndroidManifest.xml:56:9-61:43
106            android:name="com.google.android.gms.ads.AdActivity"
106-->[com.google.android.gms:play-services-ads-lite:23.0.0] AndroidManifest.xml:57:13-65
107            android:configChanges="keyboard|keyboardHidden|orientation|screenLayout|uiMode|screenSize|smallestScreenSize"
107-->[com.google.android.gms:play-services-ads-lite:23.0.0] AndroidManifest.xml:58:13-122
108            android:exported="false"
108-->[com.google.android.gms:play-services-ads-lite:23.0.0] AndroidManifest.xml:59:13-37
109            android:theme="@android:style/Theme.Translucent" />
109-->[com.google.android.gms:play-services-ads-lite:23.0.0] AndroidManifest.xml:60:13-61
110
111        <provider
111-->[com.google.android.gms:play-services-ads-lite:23.0.0] AndroidManifest.xml:63:9-68:43
112            android:name="com.google.android.gms.ads.MobileAdsInitProvider"
112-->[com.google.android.gms:play-services-ads-lite:23.0.0] AndroidManifest.xml:64:13-76
113            android:authorities="com.aitube.seogenerator.mobileadsinitprovider"
113-->[com.google.android.gms:play-services-ads-lite:23.0.0] AndroidManifest.xml:65:13-73
114            android:exported="false"
114-->[com.google.android.gms:play-services-ads-lite:23.0.0] AndroidManifest.xml:66:13-37
115            android:initOrder="100" />
115-->[com.google.android.gms:play-services-ads-lite:23.0.0] AndroidManifest.xml:67:13-36
116
117        <service
117-->[com.google.android.gms:play-services-ads-lite:23.0.0] AndroidManifest.xml:70:9-74:43
118            android:name="com.google.android.gms.ads.AdService"
118-->[com.google.android.gms:play-services-ads-lite:23.0.0] AndroidManifest.xml:71:13-64
119            android:enabled="true"
119-->[com.google.android.gms:play-services-ads-lite:23.0.0] AndroidManifest.xml:72:13-35
120            android:exported="false" />
120-->[com.google.android.gms:play-services-ads-lite:23.0.0] AndroidManifest.xml:73:13-37
121
122        <activity
122-->[com.google.android.gms:play-services-ads-lite:23.0.0] AndroidManifest.xml:76:9-80:43
123            android:name="com.google.android.gms.ads.OutOfContextTestingActivity"
123-->[com.google.android.gms:play-services-ads-lite:23.0.0] AndroidManifest.xml:77:13-82
124            android:configChanges="keyboard|keyboardHidden|orientation|screenLayout|uiMode|screenSize|smallestScreenSize"
124-->[com.google.android.gms:play-services-ads-lite:23.0.0] AndroidManifest.xml:78:13-122
125            android:exported="false" />
125-->[com.google.android.gms:play-services-ads-lite:23.0.0] AndroidManifest.xml:79:13-37
126        <activity
126-->[com.google.android.gms:play-services-ads-lite:23.0.0] AndroidManifest.xml:81:9-88:43
127            android:name="com.google.android.gms.ads.NotificationHandlerActivity"
127-->[com.google.android.gms:play-services-ads-lite:23.0.0] AndroidManifest.xml:82:13-82
128            android:excludeFromRecents="true"
128-->[com.google.android.gms:play-services-ads-lite:23.0.0] AndroidManifest.xml:83:13-46
129            android:exported="false"
129-->[com.google.android.gms:play-services-ads-lite:23.0.0] AndroidManifest.xml:84:13-37
130            android:launchMode="singleTask"
130-->[com.google.android.gms:play-services-ads-lite:23.0.0] AndroidManifest.xml:85:13-44
131            android:taskAffinity=""
131-->[com.google.android.gms:play-services-ads-lite:23.0.0] AndroidManifest.xml:86:13-36
132            android:theme="@android:style/Theme.Translucent.NoTitleBar" />
132-->[com.google.android.gms:play-services-ads-lite:23.0.0] AndroidManifest.xml:87:13-72
133
134        <property
134-->[com.google.android.gms:play-services-ads-lite:23.0.0] AndroidManifest.xml:90:9-92:62
135            android:name="android.adservices.AD_SERVICES_CONFIG"
135-->[com.google.android.gms:play-services-ads-lite:23.0.0] AndroidManifest.xml:91:13-65
136            android:resource="@xml/gma_ad_services_config" />
136-->[com.google.android.gms:play-services-ads-lite:23.0.0] AndroidManifest.xml:92:13-59
137
138        <activity
138-->[com.google.android.gms:play-services-base:18.0.0] AndroidManifest.xml:20:9-22:45
139            android:name="com.google.android.gms.common.api.GoogleApiActivity"
139-->[com.google.android.gms:play-services-base:18.0.0] AndroidManifest.xml:20:19-85
140            android:exported="false"
140-->[com.google.android.gms:play-services-base:18.0.0] AndroidManifest.xml:22:19-43
141            android:theme="@android:style/Theme.Translucent.NoTitleBar" />
141-->[com.google.android.gms:play-services-base:18.0.0] AndroidManifest.xml:21:19-78
142
143        <meta-data
143-->[com.google.android.gms:play-services-basement:18.2.0] AndroidManifest.xml:21:9-23:69
144            android:name="com.google.android.gms.version"
144-->[com.google.android.gms:play-services-basement:18.2.0] AndroidManifest.xml:22:13-58
145            android:value="@integer/google_play_services_version" />
145-->[com.google.android.gms:play-services-basement:18.2.0] AndroidManifest.xml:23:13-66
146
147        <provider
147-->[androidx.emoji2:emoji2:1.2.0] AndroidManifest.xml:24:9-32:20
148            android:name="androidx.startup.InitializationProvider"
148-->[androidx.emoji2:emoji2:1.2.0] AndroidManifest.xml:25:13-67
149            android:authorities="com.aitube.seogenerator.androidx-startup"
149-->[androidx.emoji2:emoji2:1.2.0] AndroidManifest.xml:26:13-68
150            android:exported="false" >
150-->[androidx.emoji2:emoji2:1.2.0] AndroidManifest.xml:27:13-37
151            <meta-data
151-->[androidx.emoji2:emoji2:1.2.0] AndroidManifest.xml:29:13-31:52
152                android:name="androidx.emoji2.text.EmojiCompatInitializer"
152-->[androidx.emoji2:emoji2:1.2.0] AndroidManifest.xml:30:17-75
153                android:value="androidx.startup" />
153-->[androidx.emoji2:emoji2:1.2.0] AndroidManifest.xml:31:17-49
154            <meta-data
154-->[androidx.work:work-runtime:2.7.0] AndroidManifest.xml:36:13-38:52
155                android:name="androidx.work.WorkManagerInitializer"
155-->[androidx.work:work-runtime:2.7.0] AndroidManifest.xml:37:17-68
156                android:value="androidx.startup" />
156-->[androidx.work:work-runtime:2.7.0] AndroidManifest.xml:38:17-49
157            <meta-data
157-->[androidx.lifecycle:lifecycle-process:2.7.0] AndroidManifest.xml:29:13-31:52
158                android:name="androidx.lifecycle.ProcessLifecycleInitializer"
158-->[androidx.lifecycle:lifecycle-process:2.7.0] AndroidManifest.xml:30:17-78
159                android:value="androidx.startup" />
159-->[androidx.lifecycle:lifecycle-process:2.7.0] AndroidManifest.xml:31:17-49
160            <meta-data
160-->[androidx.profileinstaller:profileinstaller:1.3.0] AndroidManifest.xml:29:13-31:52
161                android:name="androidx.profileinstaller.ProfileInstallerInitializer"
161-->[androidx.profileinstaller:profileinstaller:1.3.0] AndroidManifest.xml:30:17-85
162                android:value="androidx.startup" />
162-->[androidx.profileinstaller:profileinstaller:1.3.0] AndroidManifest.xml:31:17-49
163        </provider>
164
165        <service
165-->[androidx.work:work-runtime:2.7.0] AndroidManifest.xml:41:9-46:35
166            android:name="androidx.work.impl.background.systemalarm.SystemAlarmService"
166-->[androidx.work:work-runtime:2.7.0] AndroidManifest.xml:42:13-88
167            android:directBootAware="false"
167-->[androidx.work:work-runtime:2.7.0] AndroidManifest.xml:43:13-44
168            android:enabled="@bool/enable_system_alarm_service_default"
168-->[androidx.work:work-runtime:2.7.0] AndroidManifest.xml:44:13-72
169            android:exported="false" />
169-->[androidx.work:work-runtime:2.7.0] AndroidManifest.xml:45:13-37
170        <service
170-->[androidx.work:work-runtime:2.7.0] AndroidManifest.xml:47:9-53:35
171            android:name="androidx.work.impl.background.systemjob.SystemJobService"
171-->[androidx.work:work-runtime:2.7.0] AndroidManifest.xml:48:13-84
172            android:directBootAware="false"
172-->[androidx.work:work-runtime:2.7.0] AndroidManifest.xml:49:13-44
173            android:enabled="@bool/enable_system_job_service_default"
173-->[androidx.work:work-runtime:2.7.0] AndroidManifest.xml:50:13-70
174            android:exported="true"
174-->[androidx.work:work-runtime:2.7.0] AndroidManifest.xml:51:13-36
175            android:permission="android.permission.BIND_JOB_SERVICE" />
175-->[androidx.work:work-runtime:2.7.0] AndroidManifest.xml:52:13-69
176        <service
176-->[androidx.work:work-runtime:2.7.0] AndroidManifest.xml:54:9-59:35
177            android:name="androidx.work.impl.foreground.SystemForegroundService"
177-->[androidx.work:work-runtime:2.7.0] AndroidManifest.xml:55:13-81
178            android:directBootAware="false"
178-->[androidx.work:work-runtime:2.7.0] AndroidManifest.xml:56:13-44
179            android:enabled="@bool/enable_system_foreground_service_default"
179-->[androidx.work:work-runtime:2.7.0] AndroidManifest.xml:57:13-77
180            android:exported="false" />
180-->[androidx.work:work-runtime:2.7.0] AndroidManifest.xml:58:13-37
181
182        <receiver
182-->[androidx.work:work-runtime:2.7.0] AndroidManifest.xml:61:9-66:35
183            android:name="androidx.work.impl.utils.ForceStopRunnable$BroadcastReceiver"
183-->[androidx.work:work-runtime:2.7.0] AndroidManifest.xml:62:13-88
184            android:directBootAware="false"
184-->[androidx.work:work-runtime:2.7.0] AndroidManifest.xml:63:13-44
185            android:enabled="true"
185-->[androidx.work:work-runtime:2.7.0] AndroidManifest.xml:64:13-35
186            android:exported="false" />
186-->[androidx.work:work-runtime:2.7.0] AndroidManifest.xml:65:13-37
187        <receiver
187-->[androidx.work:work-runtime:2.7.0] AndroidManifest.xml:67:9-77:20
188            android:name="androidx.work.impl.background.systemalarm.ConstraintProxy$BatteryChargingProxy"
188-->[androidx.work:work-runtime:2.7.0] AndroidManifest.xml:68:13-106
189            android:directBootAware="false"
189-->[androidx.work:work-runtime:2.7.0] AndroidManifest.xml:69:13-44
190            android:enabled="false"
190-->[androidx.work:work-runtime:2.7.0] AndroidManifest.xml:70:13-36
191            android:exported="false" >
191-->[androidx.work:work-runtime:2.7.0] AndroidManifest.xml:71:13-37
192            <intent-filter>
192-->[androidx.work:work-runtime:2.7.0] AndroidManifest.xml:73:13-76:29
193                <action android:name="android.intent.action.ACTION_POWER_CONNECTED" />
193-->[androidx.work:work-runtime:2.7.0] AndroidManifest.xml:74:17-87
193-->[androidx.work:work-runtime:2.7.0] AndroidManifest.xml:74:25-84
194                <action android:name="android.intent.action.ACTION_POWER_DISCONNECTED" />
194-->[androidx.work:work-runtime:2.7.0] AndroidManifest.xml:75:17-90
194-->[androidx.work:work-runtime:2.7.0] AndroidManifest.xml:75:25-87
195            </intent-filter>
196        </receiver>
197        <receiver
197-->[androidx.work:work-runtime:2.7.0] AndroidManifest.xml:78:9-88:20
198            android:name="androidx.work.impl.background.systemalarm.ConstraintProxy$BatteryNotLowProxy"
198-->[androidx.work:work-runtime:2.7.0] AndroidManifest.xml:79:13-104
199            android:directBootAware="false"
199-->[androidx.work:work-runtime:2.7.0] AndroidManifest.xml:80:13-44
200            android:enabled="false"
200-->[androidx.work:work-runtime:2.7.0] AndroidManifest.xml:81:13-36
201            android:exported="false" >
201-->[androidx.work:work-runtime:2.7.0] AndroidManifest.xml:82:13-37
202            <intent-filter>
202-->[androidx.work:work-runtime:2.7.0] AndroidManifest.xml:84:13-87:29
203                <action android:name="android.intent.action.BATTERY_OKAY" />
203-->[androidx.work:work-runtime:2.7.0] AndroidManifest.xml:85:17-77
203-->[androidx.work:work-runtime:2.7.0] AndroidManifest.xml:85:25-74
204                <action android:name="android.intent.action.BATTERY_LOW" />
204-->[androidx.work:work-runtime:2.7.0] AndroidManifest.xml:86:17-76
204-->[androidx.work:work-runtime:2.7.0] AndroidManifest.xml:86:25-73
205            </intent-filter>
206        </receiver>
207        <receiver
207-->[androidx.work:work-runtime:2.7.0] AndroidManifest.xml:89:9-99:20
208            android:name="androidx.work.impl.background.systemalarm.ConstraintProxy$StorageNotLowProxy"
208-->[androidx.work:work-runtime:2.7.0] AndroidManifest.xml:90:13-104
209            android:directBootAware="false"
209-->[androidx.work:work-runtime:2.7.0] AndroidManifest.xml:91:13-44
210            android:enabled="false"
210-->[androidx.work:work-runtime:2.7.0] AndroidManifest.xml:92:13-36
211            android:exported="false" >
211-->[androidx.work:work-runtime:2.7.0] AndroidManifest.xml:93:13-37
212            <intent-filter>
212-->[androidx.work:work-runtime:2.7.0] AndroidManifest.xml:95:13-98:29
213                <action android:name="android.intent.action.DEVICE_STORAGE_LOW" />
213-->[androidx.work:work-runtime:2.7.0] AndroidManifest.xml:96:17-83
213-->[androidx.work:work-runtime:2.7.0] AndroidManifest.xml:96:25-80
214                <action android:name="android.intent.action.DEVICE_STORAGE_OK" />
214-->[androidx.work:work-runtime:2.7.0] AndroidManifest.xml:97:17-82
214-->[androidx.work:work-runtime:2.7.0] AndroidManifest.xml:97:25-79
215            </intent-filter>
216        </receiver>
217        <receiver
217-->[androidx.work:work-runtime:2.7.0] AndroidManifest.xml:100:9-109:20
218            android:name="androidx.work.impl.background.systemalarm.ConstraintProxy$NetworkStateProxy"
218-->[androidx.work:work-runtime:2.7.0] AndroidManifest.xml:101:13-103
219            android:directBootAware="false"
219-->[androidx.work:work-runtime:2.7.0] AndroidManifest.xml:102:13-44
220            android:enabled="false"
220-->[androidx.work:work-runtime:2.7.0] AndroidManifest.xml:103:13-36
221            android:exported="false" >
221-->[androidx.work:work-runtime:2.7.0] AndroidManifest.xml:104:13-37
222            <intent-filter>
222-->[androidx.work:work-runtime:2.7.0] AndroidManifest.xml:106:13-108:29
223                <action android:name="android.net.conn.CONNECTIVITY_CHANGE" />
223-->[androidx.work:work-runtime:2.7.0] AndroidManifest.xml:107:17-79
223-->[androidx.work:work-runtime:2.7.0] AndroidManifest.xml:107:25-76
224            </intent-filter>
225        </receiver>
226        <receiver
226-->[androidx.work:work-runtime:2.7.0] AndroidManifest.xml:110:9-121:20
227            android:name="androidx.work.impl.background.systemalarm.RescheduleReceiver"
227-->[androidx.work:work-runtime:2.7.0] AndroidManifest.xml:111:13-88
228            android:directBootAware="false"
228-->[androidx.work:work-runtime:2.7.0] AndroidManifest.xml:112:13-44
229            android:enabled="false"
229-->[androidx.work:work-runtime:2.7.0] AndroidManifest.xml:113:13-36
230            android:exported="false" >
230-->[androidx.work:work-runtime:2.7.0] AndroidManifest.xml:114:13-37
231            <intent-filter>
231-->[androidx.work:work-runtime:2.7.0] AndroidManifest.xml:116:13-120:29
232                <action android:name="android.intent.action.BOOT_COMPLETED" />
232-->[androidx.work:work-runtime:2.7.0] AndroidManifest.xml:117:17-79
232-->[androidx.work:work-runtime:2.7.0] AndroidManifest.xml:117:25-76
233                <action android:name="android.intent.action.TIME_SET" />
233-->[androidx.work:work-runtime:2.7.0] AndroidManifest.xml:118:17-73
233-->[androidx.work:work-runtime:2.7.0] AndroidManifest.xml:118:25-70
234                <action android:name="android.intent.action.TIMEZONE_CHANGED" />
234-->[androidx.work:work-runtime:2.7.0] AndroidManifest.xml:119:17-81
234-->[androidx.work:work-runtime:2.7.0] AndroidManifest.xml:119:25-78
235            </intent-filter>
236        </receiver>
237        <receiver
237-->[androidx.work:work-runtime:2.7.0] AndroidManifest.xml:122:9-131:20
238            android:name="androidx.work.impl.background.systemalarm.ConstraintProxyUpdateReceiver"
238-->[androidx.work:work-runtime:2.7.0] AndroidManifest.xml:123:13-99
239            android:directBootAware="false"
239-->[androidx.work:work-runtime:2.7.0] AndroidManifest.xml:124:13-44
240            android:enabled="@bool/enable_system_alarm_service_default"
240-->[androidx.work:work-runtime:2.7.0] AndroidManifest.xml:125:13-72
241            android:exported="false" >
241-->[androidx.work:work-runtime:2.7.0] AndroidManifest.xml:126:13-37
242            <intent-filter>
242-->[androidx.work:work-runtime:2.7.0] AndroidManifest.xml:128:13-130:29
243                <action android:name="androidx.work.impl.background.systemalarm.UpdateProxies" />
243-->[androidx.work:work-runtime:2.7.0] AndroidManifest.xml:129:17-98
243-->[androidx.work:work-runtime:2.7.0] AndroidManifest.xml:129:25-95
244            </intent-filter>
245        </receiver>
246        <receiver
246-->[androidx.work:work-runtime:2.7.0] AndroidManifest.xml:132:9-142:20
247            android:name="androidx.work.impl.diagnostics.DiagnosticsReceiver"
247-->[androidx.work:work-runtime:2.7.0] AndroidManifest.xml:133:13-78
248            android:directBootAware="false"
248-->[androidx.work:work-runtime:2.7.0] AndroidManifest.xml:134:13-44
249            android:enabled="true"
249-->[androidx.work:work-runtime:2.7.0] AndroidManifest.xml:135:13-35
250            android:exported="true"
250-->[androidx.work:work-runtime:2.7.0] AndroidManifest.xml:136:13-36
251            android:permission="android.permission.DUMP" >
251-->[androidx.work:work-runtime:2.7.0] AndroidManifest.xml:137:13-57
252            <intent-filter>
252-->[androidx.work:work-runtime:2.7.0] AndroidManifest.xml:139:13-141:29
253                <action android:name="androidx.work.diagnostics.REQUEST_DIAGNOSTICS" />
253-->[androidx.work:work-runtime:2.7.0] AndroidManifest.xml:140:17-88
253-->[androidx.work:work-runtime:2.7.0] AndroidManifest.xml:140:25-85
254            </intent-filter>
255        </receiver>
256
257        <uses-library
257-->[androidx.privacysandbox.ads:ads-adservices:1.0.0-beta05] AndroidManifest.xml:23:9-25:40
258            android:name="android.ext.adservices"
258-->[androidx.privacysandbox.ads:ads-adservices:1.0.0-beta05] AndroidManifest.xml:24:13-50
259            android:required="false" />
259-->[androidx.privacysandbox.ads:ads-adservices:1.0.0-beta05] AndroidManifest.xml:25:13-37
260
261        <receiver
261-->[androidx.profileinstaller:profileinstaller:1.3.0] AndroidManifest.xml:34:9-52:20
262            android:name="androidx.profileinstaller.ProfileInstallReceiver"
262-->[androidx.profileinstaller:profileinstaller:1.3.0] AndroidManifest.xml:35:13-76
263            android:directBootAware="false"
263-->[androidx.profileinstaller:profileinstaller:1.3.0] AndroidManifest.xml:36:13-44
264            android:enabled="true"
264-->[androidx.profileinstaller:profileinstaller:1.3.0] AndroidManifest.xml:37:13-35
265            android:exported="true"
265-->[androidx.profileinstaller:profileinstaller:1.3.0] AndroidManifest.xml:38:13-36
266            android:permission="android.permission.DUMP" >
266-->[androidx.profileinstaller:profileinstaller:1.3.0] AndroidManifest.xml:39:13-57
267            <intent-filter>
267-->[androidx.profileinstaller:profileinstaller:1.3.0] AndroidManifest.xml:40:13-42:29
268                <action android:name="androidx.profileinstaller.action.INSTALL_PROFILE" />
268-->[androidx.profileinstaller:profileinstaller:1.3.0] AndroidManifest.xml:41:17-91
268-->[androidx.profileinstaller:profileinstaller:1.3.0] AndroidManifest.xml:41:25-88
269            </intent-filter>
270            <intent-filter>
270-->[androidx.profileinstaller:profileinstaller:1.3.0] AndroidManifest.xml:43:13-45:29
271                <action android:name="androidx.profileinstaller.action.SKIP_FILE" />
271-->[androidx.profileinstaller:profileinstaller:1.3.0] AndroidManifest.xml:44:17-85
271-->[androidx.profileinstaller:profileinstaller:1.3.0] AndroidManifest.xml:44:25-82
272            </intent-filter>
273            <intent-filter>
273-->[androidx.profileinstaller:profileinstaller:1.3.0] AndroidManifest.xml:46:13-48:29
274                <action android:name="androidx.profileinstaller.action.SAVE_PROFILE" />
274-->[androidx.profileinstaller:profileinstaller:1.3.0] AndroidManifest.xml:47:17-88
274-->[androidx.profileinstaller:profileinstaller:1.3.0] AndroidManifest.xml:47:25-85
275            </intent-filter>
276            <intent-filter>
276-->[androidx.profileinstaller:profileinstaller:1.3.0] AndroidManifest.xml:49:13-51:29
277                <action android:name="androidx.profileinstaller.action.BENCHMARK_OPERATION" />
277-->[androidx.profileinstaller:profileinstaller:1.3.0] AndroidManifest.xml:50:17-95
277-->[androidx.profileinstaller:profileinstaller:1.3.0] AndroidManifest.xml:50:25-92
278            </intent-filter>
279        </receiver>
280
281        <service
281-->[androidx.room:room-runtime:2.2.5] AndroidManifest.xml:25:9-28:40